<?xml version="1.0" encoding="UTF-8"?>
<!-- Generated by org.testng.reporters.JUnitReportReporter -->
<testsuite skipped="0" hostname="DESKTOP-6IP7VMK" name="statrtingPointOfFramework.TC001_Login" tests="1" failures="0" timestamp="2021-04-25T18:21:45 EDT" time="41.455" errors="0">
  <testcase name="login" time="41.455" classname="statrtingPointOfFramework.TC001_Login"/>
</testsuite> <!-- statrtingPointOfFramework.TC001_Login -->
