<?xml version="1.0" encoding="UTF-8"?>
<!-- Generated by org.testng.reporters.JUnitReportReporter -->
<testsuite skipped="0" hostname="DESKTOP-6IP7VMK" name="testCases_InheritanceForCon.CreateLead" tests="1" failures="0" timestamp="2021-04-19T16:49:24 EDT" time="25.518" errors="0">
  <testcase name="createLead" time="25.518" classname="testCases_InheritanceForCon.CreateLead"/>
</testsuite> <!-- testCases_InheritanceForCon.CreateLead -->
