<?xml version="1.0" encoding="UTF-8"?>
<!-- Generated by org.testng.reporters.JUnitReportReporter -->
<testsuite skipped="0" hostname="DESKTOP-6IP7VMK" name="learn_TestNG.TestNG_Priority" tests="1" failures="0" timestamp="2021-04-19T16:49:24 EDT" time="18.717" errors="0">
  <testcase name="deleteLead" time="18.717" classname="learn_TestNG.TestNG_Priority"/>
</testsuite> <!-- learn_TestNG.TestNG_Priority -->
