<?xml version="1.0" encoding="UTF-8"?>
<!-- Generated by org.testng.reporters.JUnitReportReporter -->
<testsuite skipped="0" hostname="DESKTOP-6IP7VMK" name="learnParameters.Parameters_CreateLead" tests="1" failures="0" timestamp="2021-04-18T11:53:44 EDT" time="28.380" errors="0">
  <testcase name="createLead" time="28.380" classname="learnParameters.Parameters_CreateLead"/>
</testsuite> <!-- learnParameters.Parameters_CreateLead -->
