<?xml version="1.0" encoding="UTF-8"?>
<!-- Generated by org.testng.reporters.JUnitReportReporter -->
<testsuite skipped="0" hostname="DESKTOP-6IP7VMK" name="learn_TestNG.TestNG_Annotations" tests="3" failures="0" timestamp="2021-04-19T16:49:24 EDT" time="0.010" errors="0">
  <testcase name="test2" time="0.002" classname="learn_TestNG.TestNG_Annotations"/>
  <testcase name="test1" time="0.005" classname="learn_TestNG.TestNG_Annotations"/>
  <testcase name="test3" time="0.003" classname="learn_TestNG.TestNG_Annotations"/>
</testsuite> <!-- learn_TestNG.TestNG_Annotations -->
