<?xml version="1.0" encoding="UTF-8"?>
<!-- Generated by org.testng.reporters.JUnitReportReporter -->
<testsuite skipped="0" hostname="DESKTOP-6IP7VMK" name="learn_TestNG.TestNGAnnotations" tests="3" failures="0" timestamp="2021-04-19T16:49:24 EDT" time="0.012" errors="0">
  <testcase name="test2" time="0.007" classname="learn_TestNG.TestNGAnnotations"/>
  <testcase name="test3" time="0.003" classname="learn_TestNG.TestNGAnnotations"/>
  <testcase name="test1" time="0.002" classname="learn_TestNG.TestNGAnnotations"/>
</testsuite> <!-- learn_TestNG.TestNGAnnotations -->
