<?xml version="1.0" encoding="UTF-8"?>
<!-- Generated by org.testng.reporters.JUnitReportReporter -->
<testsuite skipped="0" hostname="DESKTOP-6IP7VMK" name="learnDataProvider_Parameterization.DataProvider_CreateLead" tests="2" failures="0" timestamp="2021-04-18T13:35:18 EDT" time="44.374" errors="0">
  <testcase name="createLead" time="21.679" classname="learnDataProvider_Parameterization.DataProvider_CreateLead"/>
  <testcase name="createLead" time="22.695" classname="learnDataProvider_Parameterization.DataProvider_CreateLead"/>
</testsuite> <!-- learnDataProvider_Parameterization.DataProvider_CreateLead -->
