<?xml version="1.0" encoding="UTF-8"?>
<!-- Generated by org.testng.reporters.JUnitReportReporter -->
<testsuite skipped="0" hostname="DESKTOP-6IP7VMK" name="testCases.MergeLead" tests="2" failures="0" timestamp="2021-04-24T13:22:24 EDT" time="40.617" errors="0">
  <testcase name="createLeadTest" time="20.358" classname="testCases.MergeLead"/>
  <testcase name="mergeLead" time="20.259" classname="testCases.MergeLead"/>
</testsuite> <!-- testCases.MergeLead -->
