<?xml version="1.0" encoding="UTF-8"?>
<!-- Generated by org.testng.reporters.JUnitReportReporter -->
<testsuite skipped="0" hostname="DESKTOP-6IP7VMK" name="testNG_Exercise.TestNG_CreateLead" tests="4" failures="0" timestamp="2021-04-23T23:57:40 EDT" time="80.944" errors="0">
  <testcase name="createLeadTest" time="16.378" classname="testNG_Exercise.TestNG_CreateLead"/>
  <testcase name="leadPageTest" time="20.282" classname="testNG_Exercise.TestNG_CreateLead"/>
  <testcase name="editLead" time="25.756" classname="testNG_Exercise.TestNG_CreateLead"/>
  <testcase name="deleteLead" time="18.528" classname="testNG_Exercise.TestNG_CreateLead"/>
</testsuite> <!-- testNG_Exercise.TestNG_CreateLead -->
