<?xml version="1.0" encoding="UTF-8"?>
<!-- Generated by org.testng.reporters.JUnitReportReporter -->
<testsuite skipped="0" hostname="DESKTOP-6IP7VMK" name="testCases.CreateLead" tests="1" failures="0" timestamp="2021-04-24T12:08:37 EDT" time="19.009" errors="0">
  <testcase name="createLeadTest" time="19.009" classname="testCases.CreateLead"/>
</testsuite> <!-- testCases.CreateLead -->
