<?xml version="1.0" encoding="UTF-8"?>
<!-- Generated by org.testng.reporters.JUnitReportReporter -->
<testsuite skipped="0" hostname="DESKTOP-6IP7VMK" name="wrapper.ProjectSpecificWrapper" tests="1" failures="0" timestamp="2021-04-24T00:50:53 EDT" time="9.393" errors="0">
  <testcase name="login" time="9.393" classname="wrapper.ProjectSpecificWrapper"/>
</testsuite> <!-- wrapper.ProjectSpecificWrapper -->
