<?xml version="1.0" encoding="UTF-8"?>
<!-- Generated by org.testng.reporters.JUnitReportReporter -->
<testsuite skipped="0" hostname="DESKTOP-6IP7VMK" name="testCases.EditLead" tests="1" failures="0" timestamp="2021-04-24T12:32:46 EDT" time="36.183" errors="0">
  <testcase name="editLead" time="36.183" classname="testCases.EditLead"/>
</testsuite> <!-- testCases.EditLead -->
