<?xml version="1.0" encoding="UTF-8"?>
<!-- Generated by org.testng.reporters.JUnitReportReporter -->
<testsuite skipped="0" hostname="DESKTOP-6IP7VMK" name="testCases.DeleteLead" tests="2" failures="0" timestamp="2021-04-24T12:38:57 EDT" time="80.949" errors="0">
  <testcase name="deleteLead" time="43.577" classname="testCases.DeleteLead"/>
  <testcase name="editLead" time="37.372" classname="testCases.DeleteLead"/>
</testsuite> <!-- testCases.DeleteLead -->
