<?xml version="1.0" encoding="UTF-8"?>
<!-- Generated by org.testng.reporters.JUnitReportReporter -->
<testsuite skipped="0" hostname="DESKTOP-6IP7VMK" name="steps.TestRunner" tests="3" failures="0" timestamp="23 May 2021 04:38:07 GMT" time="49.056" errors="0">
  <testcase name="runScenario" time="14.654" classname="steps.TestRunner"/>
  <testcase name="runScenario" time="19.291" classname="steps.TestRunner"/>
  <testcase name="runScenario" time="15.111" classname="steps.TestRunner"/>
</testsuite> <!-- steps.TestRunner -->
