<?xml version="1.0" encoding="UTF-8"?>
<!-- Generated by org.testng.reporters.JUnitReportReporter -->
<testsuite skipped="0" hostname="DESKTOP-6IP7VMK" name="testCases.TC001_LoginLogout" tests="2" failures="0" timestamp="19 May 2021 02:26:12 GMT" time="18.950" errors="0">
  <testcase name="LoginLogout" time="5.649" classname="testCases.TC001_LoginLogout"/>
  <testcase name="LoginLogout" time="13.301" classname="testCases.TC001_LoginLogout"/>
</testsuite> <!-- testCases.TC001_LoginLogout -->
