<?xml version="1.0" encoding="UTF-8"?>
<!-- Generated by org.testng.reporters.JUnitReportReporter -->
<testsuite skipped="0" hostname="DESKTOP-6IP7VMK" name="testCases.TC002_CreateLead" tests="2" failures="0" timestamp="19 May 2021 03:00:43 GMT" time="33.699" errors="0">
  <testcase name="CreateLead" time="16.100" classname="testCases.TC002_CreateLead"/>
  <testcase name="CreateLead" time="17.599" classname="testCases.TC002_CreateLead"/>
</testsuite> <!-- testCases.TC002_CreateLead -->
